Ps Nc
R Nc Punct
Am Nc Cp Af Nc Punct
A Nc R Nc Punct Nc Cp Nc Punct
Nc Punct
Nc R Nc Punct
Nc R Nc Punct
Cp Pn Nc R Nc Punct
Cp Pn Nc Dl Punct
Cp Pn Nc Cp Nc R Af Nc Cp R An Nc Punct
Vni Nc Punct Pr Vxi Vpi Tx Vpp Punct
Vni Nc Punct Pr Vxi Vpi Tx Vpp Punct
Dd Nc R Nc Punct R Pr Tn Vpi Tx Vpi Pn Punct
Cs R Nc Dl Punct Tx Vpp Nc Punct
Cs R Nc Dl Punct Tx Vpp Nc Punct
Cs Nc R Nc Punct Tx Pp R Nc R Nc R R Punct R Nc Punct R Nc Punct Te R Nc R Nc Punct Pr Pp Vpp Nc Punct
Cp Dd Pf Punct Pp Punct
Pi Punct
Pc Nc Vni Nc Punct
Pd Vxi Nc R Nc Punct Pp Vxi Am Nc Cp Vni Tx Vpp Nc R Ps Nc Punct
Tx Pp R Nc Punct Np Punct Af Cp Af Nc Punct
A Nc Vxi Nc Punct
Cc Nc Tn Vpi Tx Vxi Pc Punct
Nc Vni Tx Vyp Af Punct Tx Vyp Af Punct
Dq Vpi R Af Nc Cp Vpi Nc R Nc Punct
Vni Nc Cp Vni Nc Punct R Pr Tx Vpi Nc Ps Punct
Pn Punct R Pf R Nc R Nc Punct
Cp Mc Nc R Pc Nc Vni Nc Punct
Nc Vpp Dm Cp R Nc R Af Nc Punct
A Nc Punct Nc Punct Nc Punct Nc Punct Nc Cp Nc R Nc Punct
Nc Tn Vxi Pn Am Punct
Af Nc Punct Cp Vpi Dt Tx Vpp R Nc Cp Nc Punct
Vni Tx Vpp Nc Nc Punct Tx Vpp Pc A A Nc Punct
Cp Cs Pp Vpp Punct Tx Pp Vpp R Dq Nc A Punct R Dq Nc A Punct
A Ps Af Nc Punct
Ta Vpp Cp R Nc R Af Nc Punct Tx Vpp Pc Ps Nc Punct Cc Tx Vni Tx Pp Vpi Dt Cp Dt Punct
Ta Vpp Nc R Nc Punct Cs Vpp Nc Ps Punct
Cp Tx Vpi R A Nc R An An Punct
Tx Pp Vpp R Af Nc Cp Tx Pp Vpp R An Nc Punct
Dq Pd Nc Pp Tx Vni Tx Pp Vpi R Nc Cp Nc Punct
Cc R Nc Vni Tx Vpp R Nc Ps Nc Punct
Nc Vxi Punct
Dt Vni Tx Vpp Punct
Cp Dl Punct Pp Vpp Nc R Nc Cp Vpp Punct
Punct Ta Vyp Nc Punct
Cp R Nc Punct
Mc Nc Tx Vpp Np R Nc Mo Nc Punct Pr Nc Tx Vyp Vpp Punct
Pd Vpi Nc R A Nc Punct Vpp R Nc Dt Punct
Cp An Nc Te Tx Vpp Nc R Nc Cp Nc Punct
A Nc Vpi Tx Vpi Cp Nc Punct
Tx Vpi Nc R Nc
R Nc R Nc Cp Np Pp Vpi Tx Vpi R Nc R Nc R Nc R A A Nc Punct
R Nc Nc R Nc R Punct Nc Punct Vpi Nc Punct
Pp Dd Vni Nc Tx Vpi R An Ps Nc Cp R Pd Pp Vpi Np Punct
Hm Te Vpi Nc Tx Vxi Dq R Ps Nc Punct
Cp Nc Punct Cp Nc Tx Vpi Nc R A Nc Vpp R Am Nc Dt Punct
Nc Vpi R Mc R Mc Nc R Np
A Ps Am Nc Vpp R Mc R Mc Nc R Np R Nc Ps R Nc Punct
Tx Vpp Nc Punct Np Punct Np Cp Nc Punct
R Nc Tn Vxi Dq R A Nc R Af Nc Punct
Am Vxi R Nc Punct Cs Vpi Am Nc Cp Vpi Tx Vpi Pc Nc Punct Pr Vxi Vpp Punct Vpp R Punct Np Punct Nc R Nc Np Punct
Punct Vpi Pf Nc R Nc R Nc Punct
Np Pp Vpp R Nc R Np
Am Nc Np Vpp Am R Nc R Nc R Nc Punct Vpp R Mc R Mc R Ps Punct
Punct Vpi Nc Punct Punct
Punct R Nc Vni Af Nc R Cs Pp Vpp R Pc Nc Tx Vpi Dd R Mc Punct
Am Vxi R Nc R Punct Np Punct Am Hm Cp Hm Punct
R Nc Pp Vpi Nc Punct Cs Tn Vxi Nc R Punct Np Punct Punct
Vpi Punct Cs Pp Vpp Punct Cs Pp Vpp R Nc Punct
Vpi Punct Cs Nc R Nc R Nc R Nc Punct Cp Nc
Punct Vpp Hm Punct
Nc Punct Pr Vpp Mo Ps Nc R Np Punct Vxi Vpp Punct
Am Vxi R Nc Punct Cc Tn Vxi Dm Punct Cs Vxi Vpp Punct
R Pp Vni Nc Pi Pp Vpp R Nc Punct
An Vxi Tx Vpi Punct Pd Am Nc Punct
R Np Vpp Punct Cs Vpi Nc R Nc R Np R Mc Nc Punct Cc Dq Vni Pn An Punct
Dm Np Pp Vpp R Mc Nc R Af Nc R Np Cp Dt Vxi Vpp Punct
Hm Vpi R Np Nc R Nc
Nc Tx Vpp R Am Nc Tx Vpp R Af Nc R An Nc R Nc Ps Punct
Nc Vxi Tx Tn Pp Vpp Nc Ps R A Punct A R Pp Vpp Nc Punct
Pd Vpp Nc Hm R Af Nc R Mo Nc R Nc R An Nc R Af Nc Punct Np Punct Punct Pr Pp Vpp R Np Dt Punct
Np Vpi Cp R Nc R Am Nc Punct Nc R Nc R Np R Np Punct
R Pp Pc Nc Nc Pp Vpi Nc Dd Ps Nc Punct Vpp Dq Hm Punct
Nc R Np R Np Vxi Np Punct Np Punct Np Punct Np Punct Np Cp Np Punct
Nc R Nc Vpp Nc Mc R Nc
Nc R Nc R Np Vpp R Mc Nc Dt Punct Cs Vpp Nc R Nc Mc R Nc Punct Mc Nc Punct Punct Vpp Np Punct
Vpi Pp Nc R Nc R A Nc Tx Vpp R Nc Cp R Pp Punct Vpi Ps Nc Punct
Nc R Nc Vxi Vpp R Nc R A Nc R Nc R Nc Punct Pr Vpi Punct Cs Nc R Nc R Np Vxi Vpp R Af Nc Punct
Nc R Nc Cp Nc R Nc Vxi Pp Vpp Dq Punct Cc Nc Pp Vpp R Nc R Nc Punct Cs Pd Cp Af Nc R Np Pp Vpi A R A Nc Punct
NN NN NN NN NN NN NN NN NN NN NN NN NN NN NN NN NN NN NN NN NN NN NN NN NN Pr
R Pp A Nc R R Nc Punct R Nc Vxi Dq A Cp Np Vxi Vpp Pp Tx Vpp R Mc Nc Punct
Tn Vxi Af Nc Cp Tn Vpi A Nc Punct Vpp Nc Np Hm R Nc Ps Nc R Nc R Np Punct
Nc R Ps Nc R A Nc Vxi Tx Vpi Nc R Pp R Vpi Af Nc Punct
Nc R Nc Vxi Af R Pd Tx Vxi Vpp Punct Np Cp Nc R A Nc R Nc Ps Tx Vpi A Nc Punct
Dt Tx Vpi R Np Punct Hm Pp Vpp Cp R Np Punct Am Nc Cp Np Punct
Vpi Nc Vni Tx Vpp R Nc R Nc Punct
R Pd Nc Pp Vpp Np Punct Nc Cp Nc Hm Punct
Nc Dd Vxi An R Nc Punct
Nc Dd Vpi Nc R Nc Punct Pr Vni Nc R Nc Punct Vpp Dq Hm Punct
A Nc Tx Vpi Hm
Nc R Nc Pp Vpp Punct Cs Vxi Punct
Nc Punct Pi Vxi Vxi Nc R Af Af Nc Punct Vpp R Nc Dt Punct
Pd Vpp Nc R Nc R Nc Np Tx Vpp Nc Nc R An Nc Punct
Mo Mc R Nc R Nc Pp Tv Vpp Punct Cs Tn Vxi Vxi Vpp Punct R Tx Vpp Punct Vpp Hm Punct
Pd Vxi Np Punct Np Punct Np Hm Punct Np Cp Np Punct
Nc R Hm Cp Nc R Nc R Np Vxi Vpp R Am Am Nc Np R Mc Nc R Nc R Nc R Nc Punct
Pd Nc R Np R Nc R Nc R Vpp Nc Punct Pr Nc Tn Vxi Vpp Punct
Pd Nc R Hm Dm Vpp Punct
Np Pp Vpp R Nc Tx Vpp Nc R Hm R An Nc Cp Nc Punct
R Nc R Np Hm Vpp Nc R Nc Punct
Np Vpp Nc Punct
Vpp Pp Punct Cs Mc Nc R Np Punct Vpi Punct R Nc Punct Pr Pp Vpp R Np Hm Punct
NN NN NN NN NN NN NN NN NN NN Pr
Cs Pp Vpi Punct Cs Pp Vni Tx Pp Vpp R Pp Punct Md Pp Vpi Punct Vpp Hm R Nc R Punct Np Punct Mc Punct Pr Pp Vpp Pi Pp Vxi Nc Punct
Nc Vpp Nc R Hm Punct Cs R Nc R Nc Punct Vxi Vpp R A Nc Punct Cp Nc Ps R Np R Nc R Nc Vxi An Punct
R Nc R Nc Np Pp Vpp Punct Cs Mc Nc R Nc R Am Nc Cp Vpi Tx Pp Vpi Pi Pi Vxi Vpi Punct
A Nc R Punct
Nc R Nc R Punct Np Punct Pr Vxi Vpp R Nc R Nc R Np Punct Vpp R Nc Punct Dt Punct
A Nc Vxi Vpp Am Nc R Am Nc Punct
Cp Dd Tn Vpi Tx Pp Vpi Punct Cs Nc R Nc Vxi R Nc Punct Cs Pp Vpi Nc R Nc R Nc Punct
Vpp Nc Af Nc Vpp Nc Ps R Nc Punct Cs Vxi Vpp Af Nc Punct
Dt Dd R Nc Vpp Nc R Nc Punct
R Pf Nc Punct Np Punct Vpp Mc Nc A Nc R Af Nc Punct
Np Pp Vpp R Nc
Np Punct R Nc R Np Punct Cs Pp R Nc Nc Cp Vpp Dm Mc Punct Vpp R Np Punct
R Nc Nc Punct Nc R Af Nc Punct Pp Vpp R Nc Punct
Nc Vpp R Nc Cp Vpp R Nc Punct
Pd Dd Vxi Vpp Tx Vpi Mc Nc Punct Pr Vpi Nc R Af Nc Punct
Mc Nc Cp Nc Vxi R Af Nc Cp Vpp Nc Punct
R Nc Vxi Vpp Am Nc Vpi R Nc Punct
Vpp Pp Vpi Dd R Nc Punct
Hm Tx Tn Pp Vpp R Nc R Np
A Nc Vpp R Np Punct Pr Dt Punct
Cs Nc R Nc R Nc Vpi A A Nc R Nc Hm Punct Pd Am Nc R A Nc Cp Nc R An Nc Punct Nc Ps R Nc Vpi Ti Punct Vpi Punct
Cs Nc R A Nc Vxi Vpp Nc R A Ps Nc Punct Dt Vxi Af Nc Punct
NN NN NN NN NN NN NN NN NN NN NN NN NN NN Pr
Dq Tn Vxi Dd Punct Pr Tx Pp Vpp R Nc Punct Cs Tn Vpi Pn Nc Punct
Pi Pd Ps Nc R Nc Tx Vpp R Nc Punct
Dt Punct Dd Vxi Vpi Tx Vpp Nc R Nc Ps Punct Nc R Nc Punct
Dt Punct Tm Te Tx Vxi Vxi Vpp R Nc R Nc Punct
Pd Nc Tn Vxi Vpp R Hm Punct
Dt Cp An Punct Cs Tn Pp Vxi Vpp R Nc R Nc R Np Punct
Ti Np Vpi A Nc Cp An Nc R Nc Punct
Nc Punct
A Ps Nc Punct Vpi Ti Nc Punct
Nc Punct Mc Nc Punct Punct Nc Punct Np Punct
Punct Cs Pp Tx Pp Vpi Dq An Cp Tx Tn Pp Vpi Md R Nc Ps Punct
Np Hm Punct Mc Nc Punct Punct Np Punct Np Punct
Punct Np Punct
Cc Pr Nc Vpp Punct Tx Pp Vpp Dq Punct
Pd Dt Vpi R Nc R Pc Punct
Nc Punct Mc Nc Punct Punct Nc Punct Np Punct
Punct Cs Pp Dd R Nc R Af Nc Punct
Tx Pp R Mc Nc Tx Vpp Punct Cs Pp Vpi Punct Cp R Pd Vpi A Nc Punct
Nc Punct Mc Nc Punct Punct Nc Punct Np Punct
Cc Cs Vpp Nc Punct Vxi Vpp Punct
Vpi Punct Cs Pd Nc Tx Pp Vpp Tx Pp Vpi Pi Tx Vpp Nc Punct
Np Hm Punct Mc Nc Punct Punct Nc Punct Np Punct
Punct Ta Punct Np Punct
Cc Nc Punct Cs Vpp Nc R Nc Punct Vxi Md Am Punct Cs Pd Vpi Nc R Ps Nc Punct
Nc Punct Mc Nc Punct Punct Nc Punct Np Punct
Punct Tn Punct
Cc Cs Vpp Pd Nc Punct Vxi Vpp Punct
Cs Pp Vpp Dd R Af Nc Punct Vxi Vpp Tx Vpp Dt Punct
Nc Punct Mc Nc Punct Punct Nc Punct Np Punct
Punct Vpi Pp Punct Cc R Nc R Mc Nc Tn Vpi Md Punct
Vpi Pp Dd Tx Vni Nc R Pd R Mc Nc Punct
Nc Punct Mc Nc Punct Punct Nc Punct Np Punct
Punct Ta Punct Np Punct
Vpi Tx Tn Vpi Md Nc Punct Cs Tn Vpi Md Punct
Np Hm Punct Mc Nc Punct Punct Nc Punct Np Punct
Punct Vpi Pp Punct
A Nc Dd Vxi Vpp Nc Ps Nc R Nc Punct Cs Dm Tx Vxi R Nc Ti Vpi Nc Cp Tn Punct
Nc Punct Mc Nc Punct Punct Nc Punct Np Punct
Punct R Nc Tn Vpi Md Nc Punct
R Af Nc Tn Vxi Vpp Punct Cc Tn Vxi Vpp R Pd Pf Punct
Np
Nc R Nc R Np
R Af Nc Vpi Nc Punct Nc Cp An Nc R Nc Punct
Pd Pp Vpi R Am Nc R Am Nc R Nc R Mo Nc Punct Vpp R Np Punct
R Nc Af Nc Vpp Nc R Mc Nc Punct R Pr Pp Vpi Nc R Nc R Mc Nc R Nc Punct Pr Vni Tx Vpp R Nc R Mo Nc Punct
Af Nc R Pd Nc Vpi Dd R Nc Punct Vpi Nc R Nc Punct
Hm Vpp R Mc Nc R Np
Nc Np Vpi R Nc R Nc Np R Mc Nc R Nc Np Punct
Pd Vpp R Nc Np R Nc R Dm Vpp Nc R An Nc R Nc R Nc R Nc Punct
Tx Vpp Nc R Mc Nc R Nc Dt R Mc Nc Punct Pr Vpi R An Nc R Nc Punct Tx Vpp Pi Tn Vxi Vpp Am Nc Punct Pr Vpp R Nc R Nc Punct
Dt Tx Vpp A Nc Pi Nc Cp Nc Vxi Vpp Pd Nc Tx Vpp Punct Cs Tx Vpp Nc R Nc R Nc R Nc
Punct Vpp R Nc Punct
A Nc R Np Tx Vyp A R Nc Cp R Nc Punct Vpp R Nc Punct
Nc R Pp Vpi R Mc Nc R Nc R Nc Punct
Np Vpp Punct Np Punct Punct Np Punct R Nc R Punct Hm Punct
Np Punct Punct Np Punct Vxi Vpp Nc R Nc R Nc R Nc R Np Punct R Nc Punct Punct Vnp Dm R Am Nc Punct
Mo Nc Vxi Am Nc Punct Mc Nc Punct R Af Nc Punct
Tn Vxi Vpp Pd Nc R Nc R Punct Np Punct Punct
Am Nc R Punct Hm Punct Nc R Nc R Np Dq Md Punct Np Punct Nc Punct Tx Vxi Nc R Mo Nc Punct
Nc R Np Cp Np Np Vpp R Nc R Punct Hm Punct Np Punct Np Punct Punct Np Punct Punct
Dm Dq Ti Vni Tx Pp Vpp
Punct Tn Vpp Nc Ps Nc Punct
Punct An Vxi Tx Tn Pp Vpp Nc R Nc Punct Pr Vpp R Nc R Punct Np Punct Punct
Dq Dt R Pd Nc R Nc Vni A Nc
Punct Vpp Pp Punct
Nc Punct
Punct Vpp Vxi Vpp Nc R Np Np Hm Punct
Punct Vpi Tx Pp Vpp A Nc Punct
R Am Nc Vxi Am Nc R Punct Np Punct Np Punct Pr Vpp R Nc R Af Nc Punct Np Punct Punct
R Nc Pp Vpp R Nc R Nc Punct
Punct Nc Hm Punct Am Ti Vxi R Nc Punct
Punct Dq Punct
Cp Pc Nc Punct Cs R A Nc R Np Punct
Punct Af Nc Vxi Np Punct Punct Np Punct Punct
Pi R Mc Nc Vxi Vpp R Pp Punct
Punct Np Punct Vxi Nc R Punct Np Punct Punct
Punct Nc R Nc Pp Vpi R Af Nc R Nc R Pp Punct
Punct Pp Tx Pp Vxi Nc Punct
Punct Dt Pp Vpp Punct Cs R Nc Tx Vpi Am Nc R Np Punct
Punct Vni Tx Vpi Nc Punct Cs Dt Pp Vpp R Nc Punct
Punct Nc R Np Punct Vpp Ps Nc R Np Punct
Pd Vpi Ti Punct Cs Tx Vpp Cp A Nc R Np Punct
Dt Vxi Vpp Punct Cs Nc Vni Tx Vxi Vpp R A Nc Punct Tx Vpi Punct
Pd Vni Pn An R Nc Punct Pr Vpi Np Punct
Punct Pi Tx Vpp R Pd Nc Punct
Punct Nc Vxi Tx Vpi Nc Tn Dd R A Nc Punct Cp Cp R Af Nc Punct
Mc Nc R Np Vpi Punct
Mc Nc R Am Nc R Np R Nc Tx Vpp Nc Ps R Nc R Nc R Nc Cp Nc Punct
Dd Nc R Np R Nc Cp Nc Tx Vpp R Nc Punct
Pd Nc Pp Vpi Cp Nc R Punct Np Punct Punct Pr R Nc Vpp Nc Ps R Punct Np Punct Punct Np Punct R Nc Punct Np Punct R Mc R Mc Punct
Vpp Np
Vpp Pp Nc
Tx Pp Tx Vpp Nc R Nc Cp Tx Pp Vpi R Nc Cp Nc Ps Punct
R Nc Pp Vpp R Af Punct Np Punct Np Cp Nc Punct Cs Pp Vpi Tx Vpp Nc Ps Nc R Nc Punct
Tn Pp Vpi Punct Cs Nc Pp Vpi R Nc Punct Dm Pp Vpp Cp Dd R Nc Ps Nc Punct
Cs Nc R Pp Vxi Vpp Cp Vpp R Nc Cp Nc Punct Pp Tx Vpp Nc R Nc Punct Nc Ps Nc Cp Nc Dt Tx Pp Vpp R Nc Punct Np Cp R Nc Punct
Dd Tx Vpp Punct Cs Vxi Dd Punct Cc Vni Tx Vpi Nc Tx Vpi Nc Ps R Ps Nc Punct
R A Nc Nc Dd Vni Tx Vyp R Nc Ps Punct Cp R Pd Nc Punct Cp Nc Ps Dt Tx Vxi Pp Vpp R Vpp Nc Punct R An Ps Nc Cp Nc Punct Cp Te Cp R Pp Pp Tx Vpi Ps R Nc R Vpp R Pp Am Nc Punct
A Nc Ps R Pp Punct Cs Pp Vpp Cp R A Ps Nc R Am Cp A Nc R Nc Punct Cp R Af Ps Nc Punct Cs Pp Vpi Tx Pp Vpp R Nc Cp An Ps Nc Punct
Cs Pp Vpi A Punct Dm Tx Pp Vpp R Nc Ps Nc Cp R An Nc Ps Nc Punct
Nc Dd Tx Pp Vpi Punct Cs Pd Am Nc Pp Vpi R Am Am Nc Punct Cs R Nc R Pp Af Nc Punct
R Nc R Nc Tn Vxi Vpp Tx Vpi An Nc R Nc R Nc Cp Nc R Vpi R Am Nc Punct
R Nc R A A Nc Cp R Nc R Nc Tx Vpp An An Nc R Nc R R Mc Nc R Nc Punct Np Punct Punct
Dm Vxi Tx Pp Vpi Cp A Nc R Nc R Nc R Nc Punct R Pr Vxi Vpp Am Nc Cp Nc R Nc Punct
Nc Vxi Af Punct Cs Am Nc R Nc Ps Vni Dt Nc Mc Nc Punct
Af Nc Vxi Vpp R Nc Ps R Nc Cp Nc Punct Vpi A Nc R Nc R Nc Ps Nc R A A Nc Punct
Nc Punct Pr Vxi Vpp R Mc Nc Nc Punct Cp Af Ps Nc Vni Tx Pp Vpp R Mc Nc Punct
Nc R Vpp Vxi Vpp R An Nc R Af Nc Punct Cs Np Hm Punct Nc R Nc R Mo Ps Nc Punct Punct Dt Vpi Mc Nc Nc R Nc Punct
Nc Tn Vpi Tx Pp Vpi Punct Cs Ps Nc Vni Tx Vxi An Nc Punct
R Af Nc Vxi Vpp R Nc R Np Punct
Punct Vpp Nc R Nc Punct
Punct Vpp Nc R Af Nc Punct
A Nc R Nc R Punct
A Nc Vni Tx Pp Vpi Dd Nc R Nc R Nc Punct Np Punct
Nc Tx Pp Vpi R Nc Ps R A Nc Punct Nc R Nc Punct
Nc R Nc Punct Pr Vpi Cp R Nc R Nc Punct Vpi Tx Vpp Nc Punct Np Punct Punct Vpi Nc Punct Np Punct Punct
R Mc Nc R Pp Vpp R Nc Ps R Nc Cp Nc Punct
Dt Vni Mc A A Nc
A Nc Punct Punct Pr An Nc Vpi R Mo Nc Punct Vpi Mc A A Nc Punct Vpp Np Punct
Pc R Nc R Nc Vxi R An Nc Cp Vxi Vpp R Af Nc R Np Punct
R Pc Ps Nc Pp Pp Vpp R Nc Cp Nc R Am Nc R Am Nc R Af Nc Punct
Dt Nc R Mc Nc Vxi Vpp R Nc Ps R Np R Nc R Af Nc Punct
Tx Pp Vpi Nc R Mo Nc
Nc R Nc R Af Nc R Nc R Mo Nc Vpi Punct Cs R Nc R Nc Nc Pp Vpi Nc Punct Cs Nc R Nc R Nc Punct
Nc R Nc Nc A
Nc Nc A Cp A Punct Pr Tn Vxi Vpi A Nc R Md Nc Punct Tx Vpp Nc Ps Punct Vpp Np Dt Punct
Dq Tn Vxi Vpp A Nc R R Mo Nc Cp A Nc R Nc R Nc R Nc Punct Vpp Dq R Np Punct
Nc Vxi Punct Cs An Nc Pp Vpi R Nc R Af Nc Punct Pr Tx Vpp Nc R Nc Punct
A Nc Vpi R Af Nc R Nc
A Nc R Nc Mo Nc Nc Vpi R Af Nc R Af Nc R Nc Punct Vpi Nc Punct
Nc Vpp Dt Nc R Np R Mo Nc Punct
Nc R Nc Vxi Nc R Nc Cp R Af Nc Vpi Tx Pp Vpp R A A Nc Punct Vpi R Nc Punct
Am Nc R Am Am Mc Nc
Am Nc Punct Np Punct R Af Nc Punct Nc R Punct Np Punct Punct Vpp Nc R Dt Punct Vpp Af Nc R Nc Punct Dt Punct
Tx Pp Vpp Nc R Af Nc R Nc Cp Dq Pp Vpi Punct
Nc R Nc Vxi R Nc R Nc Punct Punct R Nc Punct Punct
Am Nc R Nc R Nc Punct
A Nc R Nc R Af Nc R Nc R Nc Punct Vpi R Nc R Nc Punct
R Nc Vpi Cp R Nc Np Punct Np Punct Np Punct
Am Nc Dt Vxi Pi Tx Pp Vpp Md Nc R Nc R Af Nc Punct
Pd Vpp Nc R Nc R A Nc Punct Np Punct R Pp Vpp R Nc Np Hm R Nc Ps Dt Punct
Dt Vxi Dm Np Tx Vpp Nc R Vpi Af Nc R Vpi Nc R Np Punct Vpp Te Nc Punct
Pd Tx Vpp R Nc R Am Nc R Nc Ps Cp Tx Vyp Am Nc R Nc Punct R Nc Punct
Nc Punct Np Punct R Nc Punct Np Punct Vni Pn An R Af Nc R Af Nc Punct Np Punct Punct
Pd Vpp Dt Nc R Punct Am Am Nc Punct Np Punct R Pr Nc Pp Vpi R A Nc R Pp Punct
Nc Vxi Vpp Nc R Punct Np Punct R Punct Np Punct Punct Cs R Nc Ps Tn Vxi Vpp R Nc Punct Vpp R Am Nc R Af Nc Punct
Dm Punct Np Punct Vpi Dd Nc R Np Punct Vpp Nc Punct
Punct Np Punct Vpp R Af Nc A Nc Punct R Pr Vpi Punct Np Punct Cs Nc Punct
Tx Pp Vpp A Nc Cp Dq Vpp Tx Vpi
Af Nc Vpp Punct Cs R Mo Nc R Mo Nc Nc Vxi Vxi Dq Mc Nc Punct
R Mo Nc Pp Tn Vni Dd Nc Punct R Cs Vxi Af R Nc R Nc R Nc Punct
Vpi Nc Te Vpi Punct Cs Pd Nc R Nc Vxi Vni Tx Vxi Dm R Nc R Nc Punct
Cs R Nc R Nc Vxi R Nc R Nc Punct
R A Nc Pp Vpp An Nc Punct Vpi Md Nc R Nc Punct Nc Pp Vpp A Nc Cp Vpi Md R Nc Punct
Pd Dd Vxi Dd R Nc
A Nc Nc R Pp Vxi Vpp R Dq An Nc R Nc Cp Nc R Nc Punct
Tx Pp Cp Nc Punct Cp Nc Punct Cp Nc Tn Vpi Pn R Nc R An An Nc Punct
NN NN NN NN NN NN NN NN NN NN NN NN NN NN NN NN NN NN NN NN NN NN NN NN NN NN Pr
Nc
R A A Nc R Af Nc Nc Punct R Nc Punct
Dd Pp Vpp Cp R Nc Punct Pr Vxi Vpp R Nc Punct
Cp Cs R Nc R Nc Mc Nc Pp Vpi Md R Mc Nc Punct R Nc R Mo Nc Pp Dt Pp Vpi R Mc Nc Punct Cs R Nc Vni Nc Cp R Af Nc Punct
Md Nc Cp Nc Punct Pr Vpi Punct Pp Vpi R Nc Punct Pd Nc R A Nc Pp Vpp Dm R Nc R Nc Punct
A Nc
A Nc R Am Am Nc R Mc Nc Dl Punct
R A Nc Nc Pp Vpp R Af Nc R Nc Punct Mc Nc Punct Punct Pr Vpi Cp R Nc R A Nc R Pp Punct
Nc R Mc Nc Vxi R R Mc Nc Punct
Nc Punct Nc Punct Nc
R A Nc R Nc R Nc R Nc R Nc R Nc R Nc Punct Af Nc Cp R Nc Punct R Af Nc Tn Pp Vpp Punct
A Nc Vxi Vpp Punct Nc Pp Vpi Punct Te Cp R Am Nc Nc Vni Punct
R Nc R Nc Vpp Cp Nc R Nc R Nc Cp Nc R Af Nc Punct
R Cp R Md Punct R Nc Punct Cp Cp Pd Nc R Nc Af Nc Vxi Dm Dl Punct
Tx Vpp Nc R Nc R Nc Ps Punct
Nc R Nc Dm Pp Vpp Cp Nc R Pc Nc Cp R Nc Punct
Nc R Pf Nc Punct Punct Cs Nc Tx Vpp Nc R Nc Punct Cc Pd Tn Pp Vpp Punct
Dt Pp Vpi Punct Cs Pd Nc Tx Vyp Vpp R Nc Punct Cc R Pd Dt Pn Tn Vpi Punct
A Nc Cp R Nc R Nc Ps R Nc Ps Nc Punct
Af Nc Nc Tx Tn Vxi Am Vxi Dm R Nc R Nc Punct Nc Punct Np Punct Nc Cp Nc Punct
Nc R An Vpp Dl Mc Nc R Nc Punct R Af Nc Af Nc R Nc R Nc R Nc R Nc R R Mc Nc Dt Punct
R Nc Ps Mo Nc Nc Vxi Vpp Tx Vpp Cp Nc R Nc Punct Nc Punct Nc R Nc Punct Nc Punct R Nc Punct Nc Punct
Cp Pd Vxi Dm Punct Cs Af Nc Vxi Dq R Mc Nc Punct
Nc Pp Vpi R A Nc
Nc R Nc Vpi R A Nc Nc R Af Nc Cp Af Np Punct Dd Cp R Np Punct
R A Mc Nc Punct R Nc R A Cp A Nc Pp Vxi Vpp R Af Nc Punct
Nc Vpp R A Nc Punct Np Punct Punct Vpp R Nc Np Punct
Nc R Nc Vxi R An Nc Punct Nc R Nc Punct Punct
R Nc R Nc Pp Vpi Punct Cs Vpi Nc R Nc Punct
A Nc R Nc Dd Vpi R Nc Punct R Pc Vpp Nc R Nc Nc Mc Punct
Nc Vxi Nc Punct R Pr Vpi Md R Nc Punct
Dq R Nc R Nc Mc R Nc Vpi Punct Cs Np Vxi Nc R Pp Punct
R Af Nc Nc Vpi R Nc R Nc Punct
A Nc Te Vpi Punct Cs Tn Vxi Pd Punct Pr Vpi Nc Punct
Dd R Nc Vxi Pd Punct Pr Vpi Punct Cs Nc Vxi Am Nc Punct
Dq Mc Nc Vpi Punct Cs Pp Vpi R Nc Punct
R Nc R Nc R Nc Tn Vxi Vpi Te Nc Tx Pp Vpp R Am Ps Nc Punct
R Af Nc An Nc Punct Pr Vni Tx Vpi Nc Punct Vxi Tx Tn Vpi R Nc Ps Nc Punct
A Nc R Nc R Nc Ps R Np
Nc Punct R Mc Nc
Nc Cp Am Nc R Np Np Hm Vxi Vpp R Nc Np R Nc Nc Punct Vpp Np Punct
Am Nc Cp Nc R Af Nc Vxi Vpp R Mc Nc R Nc Ps R Nc Punct Np Punct Punct
Pp Vxi Vpp R Mc Nc R Nc Punct Np Punct Punct
Mc R Pp Vxi Vpp R Nc Punct
Nc Punct R Nc Punct
A Nc Pp Pp Vxi Vpp R Np Punct R Pd Vpi R Np Punct
R A Nc Hm Vxi Md Am Nc Punct
Pp Vpp Nc R Af Af Np Punct
Vni Pp Punct Cs Vni Nc R Af Nc R Np Cp Nc Punct
Nc Punct Np Punct Vxi Nc R Af Nc Punct Np Punct Punct
Vni Pp Punct Cs Nc R Nc Vni Tx Vxi Vpp Nc R Nc Punct
R Np Punct Np Dd Vpp A Nc R Nc Punct
Nc Vpi R Nc Punct Nc R Np Punct Cp R Nc Punct Nc R Np Punct
Nc Ps Nc R Nc R Np Punct
Nc R Af Nc Cp Punct
Nc R Af Nc Cp Nc R Np Dt Punct Vpp Np Punct
Nc Vpp R Nc R Nc Mc R Nc Punct R Nc Punct R Af Nc Punct
Vpp Cp Nc Vni Punct
Nc Vxi Vpp R Nc R Af Af Nc R Nc Punct Np Punct Cp R Nc Punct Np Punct Punct
Nc R An An Nc Vxi Am Nc Punct
R Mc Nc Pp Vpp R Nc Nc R Pp R Nc R Nc Punct
Tn Vxi Vpi Nc
Punct Vpp Nc R Punct Np Punct Punct
A Nc R Nc R Punct
Pc Nc R Nc R Nc R Nc Tx Vyp Vpp R Nc R Am Am Nc Punct Vpp Nc Ps Np Punct
Nc Vxi Nc R Np Punct Cs Dm Vxi Vxi Vpp R Nc Punct Punct
Tn Vxi Vpp Tx Pp Vpp Pi Pp Vpp Nc R Af Nc Punct Np Punct
Pd Vxi R Nc Punct Cs R Am Nc Vpp R Af Nc R Nc Punct
Cs Tn Pp Vpp Np R Nc Punct Vpi Nc R Af Nc
R Af Nc R Ps Nc Vpi R Nc R Nc Punct
I Punct Pf Vpi Tx Vxi Pp Vpi Punct
Md A Nc Dd Nc Cp Af Nc R Nc R Nc Cp Nc R Af Nc R Am Nc Punct
NN NN NN NN NN NN NN Pr
Cs R An Ps Nc Nc Vxi Dm Cp R Af Nc Punct
Pd Cp Pd R Mc Nc Dt Punct Pr Vxi An Nc Pp Vpi Punct Pr Vxi Am Tx Pp Vpi Punct
R Pd Pd Pd A Nc Tx Vpi Nc Punct Np Cp Nc R Nc Punct Cs Vni Nc R A Nc Punct
Cp Nc Ps R Pp Vxi Af Nc R Af Nc Punct R Nc Punct R Nc Cp Nc R Nc R Pf Nc Punct
Vni Pi Tx Pp Vpi Pd Pi R Nc R Nc Punct Pr Mc Nc R Nc Punct Vpi Pd Punct Pr Tn Dq Tn Vxi Vpp R An Nc Punct
Pf Tx Vpi R Af Nc R Nc Np Hm Punct Nc R Nc Punct Np Hm Punct Np Hm Punct Cs Pp R Nc Ps Nc Punct R Pr Vpi Punct Nc R Nc Punct Punct Punct Np Hm Punct Np Hm Punct Np Punct Np Hm Punct Np Hm Punct Np Hm Punct
Dm Vpp R Pd Nc Vxi Vpp Punct Np Punct Punct Np Hm Punct Am Punct Punct Np Punct Np Punct Punct Np Punct Np Punct Punct
R Af Nc R Nc Ps R Nc Pp Vpp Cp Nc Punct Pr Te Vxi Vpp R Af Nc Am Nc Nc Np Hm Punct Am Nc Np Hm Punct Nc Am Nc Np Punct Np Punct
Pf R Nc Cp R Nc Dq Dt Pp Vpi Punct
A Nc Cp Nc R An Ps R Nc R Nc R A Nc Punct R Pr Vpp An Nc R Nc Punct
Cp Dd Vpi R Nc R Nc Punct R Af Nc Punct Vpp R Af Nc Punct Cs Tn Pp Vpi Punct Vni Tx Vpp Punct Nc Ps Punct Punct
R Nc Pp Vpp Cp Nc Punct
Pp Nc Dm Vpi R Dm Af Nc Punct Pr Tm Dm Nc Punct Pr Pp Vpi A Nc R Nc R Nc Cp Nc Punct
Nc Punct Nc R Af Nc A Nc Punct Pp Vpi An R Nc R Nc Punct
Cc R Nc Dd Nc R Nc Punct Cs Dq R Pd Dm Pp Vpp Punct Cs Vpp Nc R Nc Pp Nc Punct Cs Pp Vpp Cp Nc Punct
A Nc Nc R Nc R Np Punct Vpp R Nc R Nc Punct Nc R Nc Cp Nc R Nc R Af Nc R Nc R Nc R Nc Te Vpp R An Nc R Nc Ps Nc Punct
R Nc R Nc R Pp Vpp An Ps Nc R Af Nc Punct
Nc R Nc Punct R A A Nc Punct R Np Vpp Pd Punct
Nc R Nc Punct Pr Vpi Nc Punct R Nc Punct Np Punct Punct Vxi Dq An Punct Cp Pd Pp Vpi Punct
Tx Pp A Nc Punct
Vni Cp A Nc Punct
Cp Pp Vxi Pd Punct Pr Vpi Nc Dt Punct
Pd Pf Punct Np Punct Pp Vpp R Np Cp Nc Ps Nc Punct
Pp Pp Vpp Punct Vpp Pp R Nc Cp Vpp Tx Pp Vpi Punct
Cs Pp Vpp Nc Punct Tx Pp Vpp Punct
Punct Vpp Pd Nc Hm Punct
A Nc Dd Vxi Vpp R Af Nc R Np Np Hm R Np Punct Pr Vpi Tx Vpi An Nc Punct
Dm R Nc Np Punct R Pr Pp Vpp R Punct Np Punct Punct
Pd Dd Pn Tn Pp Vpi R A Nc Punct Pr Vpi Tx Pp Pp R Nc Punct Pp R Af Nc Punct Cs Pp Vpi Tx Vpp R Nc Punct Punct
Cp Pd Pc Vxi Dm Punct Pr Vpi Nc Punct Pp Vpi Nc R Nc Punct
Cp Cs Nc Vxi Nc Tn Dq R Nc Punct Cp R Am Nc Punct Pp Vxi Vpp Pp Punct
